[2020-10-21 19:18:59] local.ERROR: Database [localhost] not configured. {"exception":"[object] (InvalidArgumentException(code: 0): Database [localhost] not configured. at /Applications/MAMP/htdocs/invoicingsystem2/vendor/laravel/framework/src/Illuminate/Database/DatabaseManager.php:152)
[stacktrace]
#0 /Applications/MAMP/htdocs/invoicingsystem2/vendor/laravel/framework/src/Illuminate/Database/DatabaseManager.php(115): Illuminate\\Database\\DatabaseManager->configuration('localhost')
#1 /Applications/MAMP/htdocs/invoicingsystem2/vendor/laravel/framework/src/Illuminate/Database/DatabaseManager.php(86): Illuminate\\Database\\DatabaseManager->makeConnection('localhost')
#2 /Applications/MAMP/htdocs/invoicingsystem2/vendor/laravel/framework/src/Illuminate/Support/Facades/Schema.php(41): Illuminate\\Database\\DatabaseManager->connection()
#3 /Applications/MAMP/htdocs/invoicingsystem2/vendor/laravel/framework/src/Illuminate/Support/Facades/Facade.php(144): Illuminate\\Support\\Facades\\Schema::getFacadeAccessor()
#4 /Applications/MAMP/htdocs/invoicingsystem2/vendor/laravel/framework/src/Illuminate/Support/Facades/Facade.php(233): Illuminate\\Support\\Facades\\Facade::getFacadeRoot()
#5 /Applications/MAMP/htdocs/invoicingsystem2/app/Providers/AppServiceProvider.php(27): Illuminate\\Support\\Facades\\Facade::__callStatic('defaultStringLe...', Array)
#6 [internal function]: App\\Providers\\AppServiceProvider->boot()
#7 /Applications/MAMP/htdocs/invoicingsystem2/vendor/laravel/framework/src/Illuminate/Container/BoundMethod.php(32): call_user_func_array(Array, Array)
#8 /Applications/MAMP/htdocs/invoicingsystem2/vendor/laravel/framework/src/Illuminate/Container/BoundMethod.php(90): Illuminate\\Container\\BoundMethod::Illuminate\\Container\\{closure}()
#9 /Applications/MAMP/htdocs/invoicingsystem2/vendor/laravel/framework/src/Illuminate/Container/BoundMethod.php(34): Illuminate\\Container\\BoundMethod::callBoundMethod(Object(Illuminate\\Foundation\\Application), Array, Object(Closure))
#10 /Applications/MAMP/htdocs/invoicingsystem2/vendor/laravel/framework/src/Illuminate/Container/Container.php(576): Illuminate\\Container\\BoundMethod::call(Object(Illuminate\\Foundation\\Application), Array, Array, NULL)
#11 /Applications/MAMP/htdocs/invoicingsystem2/vendor/laravel/framework/src/Illuminate/Foundation/Application.php(827): Illuminate\\Container\\Container->call(Array)
#12 /Applications/MAMP/htdocs/invoicingsystem2/vendor/laravel/framework/src/Illuminate/Foundation/Application.php(810): Illuminate\\Foundation\\Application->bootProvider(Object(App\\Providers\\AppServiceProvider))
#13 [internal function]: Illuminate\\Foundation\\Application->Illuminate\\Foundation\\{closure}(Object(App\\Providers\\AppServiceProvider), 18)
#14 /Applications/MAMP/htdocs/invoicingsystem2/vendor/laravel/framework/src/Illuminate/Foundation/Application.php(811): array_walk(Array, Object(Closure))
#15 /Applications/MAMP/htdocs/invoicingsystem2/vendor/laravel/framework/src/Illuminate/Foundation/Bootstrap/BootProviders.php(17): Illuminate\\Foundation\\Application->boot()
#16 /Applications/MAMP/htdocs/invoicingsystem2/vendor/laravel/framework/src/Illuminate/Foundation/Application.php(210): Illuminate\\Foundation\\Bootstrap\\BootProviders->bootstrap(Object(Illuminate\\Foundation\\Application))
#17 /Applications/MAMP/htdocs/invoicingsystem2/vendor/laravel/framework/src/Illuminate/Foundation/Console/Kernel.php(322): Illuminate\\Foundation\\Application->bootstrapWith(Array)
#18 /Applications/MAMP/htdocs/invoicingsystem2/vendor/laravel/framework/src/Illuminate/Foundation/Console/ConfigCacheCommand.php(88): Illuminate\\Foundation\\Console\\Kernel->bootstrap()
#19 /Applications/MAMP/htdocs/invoicingsystem2/vendor/laravel/framework/src/Illuminate/Foundation/Console/ConfigCacheCommand.php(58): Illuminate\\Foundation\\Console\\ConfigCacheCommand->getFreshConfiguration()
#20 [internal function]: Illuminate\\Foundation\\Console\\ConfigCacheCommand->handle()
#21 /Applications/MAMP/htdocs/invoicingsystem2/vendor/laravel/framework/src/Illuminate/Container/BoundMethod.php(32): call_user_func_array(Array, Array)
#22 /Applications/MAMP/htdocs/invoicingsystem2/vendor/laravel/framework/src/Illuminate/Container/BoundMethod.php(90): Illuminate\\Container\\BoundMethod::Illuminate\\Container\\{closure}()
#23 /Applications/MAMP/htdocs/invoicingsystem2/vendor/laravel/framework/src/Illuminate/Container/BoundMethod.php(34): Illuminate\\Container\\BoundMethod::callBoundMethod(Object(Illuminate\\Foundation\\Application), Array, Object(Closure))
#24 /Applications/MAMP/htdocs/invoicingsystem2/vendor/laravel/framework/src/Illuminate/Container/Container.php(576): Illuminate\\Container\\BoundMethod::call(Object(Illuminate\\Foundation\\Application), Array, Array, NULL)
#25 /Applications/MAMP/htdocs/invoicingsystem2/vendor/laravel/framework/src/Illuminate/Console/Command.php(183): Illuminate\\Container\\Container->call(Array)
#26 /Applications/MAMP/htdocs/invoicingsystem2/vendor/symfony/console/Command/Command.php(255): Illuminate\\Console\\Command->execute(Object(Symfony\\Component\\Console\\Input\\ArgvInput), Object(Illuminate\\Console\\OutputStyle))
#27 /Applications/MAMP/htdocs/invoicingsystem2/vendor/laravel/framework/src/Illuminate/Console/Command.php(170): Symfony\\Component\\Console\\Command\\Command->run(Object(Symfony\\Component\\Console\\Input\\ArgvInput), Object(Illuminate\\Console\\OutputStyle))
#28 /Applications/MAMP/htdocs/invoicingsystem2/vendor/symfony/console/Application.php(1012): Illuminate\\Console\\Command->run(Object(Symfony\\Component\\Console\\Input\\ArgvInput), Object(Symfony\\Component\\Console\\Output\\ConsoleOutput))
#29 /Applications/MAMP/htdocs/invoicingsystem2/vendor/symfony/console/Application.php(272): Symfony\\Component\\Console\\Application->doRunCommand(Object(Illuminate\\Foundation\\Console\\ConfigCacheCommand), Object(Symfony\\Component\\Console\\Input\\ArgvInput), Object(Symfony\\Component\\Console\\Output\\ConsoleOutput))
#30 /Applications/MAMP/htdocs/invoicingsystem2/vendor/symfony/console/Application.php(148): Symfony\\Component\\Console\\Application->doRun(Object(Symfony\\Component\\Console\\Input\\ArgvInput), Object(Symfony\\Component\\Console\\Output\\ConsoleOutput))
#31 /Applications/MAMP/htdocs/invoicingsystem2/vendor/laravel/framework/src/Illuminate/Console/Application.php(90): Symfony\\Component\\Console\\Application->run(Object(Symfony\\Component\\Console\\Input\\ArgvInput), Object(Symfony\\Component\\Console\\Output\\ConsoleOutput))
#32 /Applications/MAMP/htdocs/invoicingsystem2/vendor/laravel/framework/src/Illuminate/Foundation/Console/Kernel.php(133): Illuminate\\Console\\Application->run(Object(Symfony\\Component\\Console\\Input\\ArgvInput), Object(Symfony\\Component\\Console\\Output\\ConsoleOutput))
#33 /Applications/MAMP/htdocs/invoicingsystem2/artisan(37): Illuminate\\Foundation\\Console\\Kernel->handle(Object(Symfony\\Component\\Console\\Input\\ArgvInput), Object(Symfony\\Component\\Console\\Output\\ConsoleOutput))
#34 {main}
"} 
